Build started 10/21/2015 3:31:09 PM.
     1>Project "C:\Users\Daltin\Desktop\CSE287LabSixLoomisdf\CSE287Lab5\CSE287Lab5\RasterDevlopment\RasterDevlopment.vcxproj" on node 2 (Build target(s)).
     1>C:\Program Files (x86)\MSBuild\Microsoft.Cpp\v4.0\V120\Microsoft.CppBuild.targets(388,5): warning MSB8028: The intermediate directory (Debug\) contains files shared from another project (RasterDevlopment.vcxproj).  This can lead to incorrect clean and rebuild behavior.
     1>ClCompile:
         C:\Program Files (x86)\Microsoft Visual Studio 12.0\VC\bin\CL.exe /c /ZI /nologo /W3 /WX- /Od /Oy- /D WIN32 /D _DEBUG /D _CONSOLE /D _UNICODE /D UNICODE /Gm /EHsc /RTC1 /MDd /GS /fp:precise /Zc:wchar_t /Zc:forScope /Fo"Debug\\" /Fd"Debug\vc120.pdb" /Gd /TP /analyze- /errorReport:prompt Proj1.cpp RayTracer.cpp
         Proj1.cpp
         Generating Code...
         Compiling...
         RayTracer.cpp
     1>c:\users\daltin\desktop\cse287labsixloomisdf\cse287lab5\cse287lab5\rasterdevlopment\raytracer.cpp(153): warning C4244: '=' : conversion from 'double' to 'float', possible loss of data
     1>c:\users\daltin\desktop\cse287labsixloomisdf\cse287lab5\cse287lab5\rasterdevlopment\raytracer.cpp(154): warning C4244: '=' : conversion from 'double' to 'float', possible loss of data
         Generating Code...
       Link:
         C:\Program Files (x86)\Microsoft Visual Studio 12.0\VC\bin\link.exe /ERRORREPORT:PROMPT /OUT:"C:\Users\Daltin\Desktop\CSE287LabSixLoomisdf\CSE287Lab5\CSE287Lab5\Debug\Lab5.exe" /INCREMENTAL /NOLOGO glew32.lib freeglut.lib kernel32.lib user32.lib gdi32.lib winspool.lib comdlg32.lib advapi32.lib shell32.lib ole32.lib oleaut32.lib uuid.lib odbc32.lib odbccp32.lib /MANIFEST /MANIFESTUAC:"level='asInvoker' uiAccess='false'" /manifest:embed /DEBUG /PDB:"C:\Users\Daltin\Desktop\CSE287LabSixLoomisdf\CSE287Lab5\CSE287Lab5\Debug\Lab5.pdb" /SUBSYSTEM:CONSOLE /TLBID:1 /DYNAMICBASE /NXCOMPAT /IMPLIB:"C:\Users\Daltin\Desktop\CSE287LabSixLoomisdf\CSE287Lab5\CSE287Lab5\Debug\Lab5.lib" /MACHINE:X86 /PROFILE Debug\ColorBuffer.obj
         Debug\Paraboloid.obj
         Debug\Plane.obj
         Debug\MyPolygon.obj
         Debug\QuadricSurface.obj
         Debug\Proj1.obj
         Debug\RayTracer.obj
         Debug\Sphere.obj
         Debug\Surface.obj
     1>LINK : warning LNK4075: ignoring '/INCREMENTAL' due to '/PROFILE' specification
     1>LINK : fatal error LNK1104: cannot open file 'C:\Users\Daltin\Desktop\CSE287LabSixLoomisdf\CSE287Lab5\CSE287Lab5\Debug\Lab5.exe'
     1>Done Building Project "C:\Users\Daltin\Desktop\CSE287LabSixLoomisdf\CSE287Lab5\CSE287Lab5\RasterDevlopment\RasterDevlopment.vcxproj" (Build target(s)) -- FAILED.

Build FAILED.

Time Elapsed 00:00:24.95
